0 info it worked if it ends with ok
1 verbose cli [ 'C:\\Program Files (x86)\\Nodist\\v-x64\\8.9.1\\node.exe',
1 verbose cli   'C:\\Program Files (x86)\\Nodist\\npmv\\3.10.9\\bin\\npm-cli.js',
1 verbose cli   'run',
1 verbose cli   'build' ]
2 info using npm@3.10.9
3 info using node@v8.9.1
4 verbose run-script [ 'prebuild', 'build', 'postbuild' ]
5 info lifecycle customer-onboarding-service@1.0.0~prebuild: customer-onboarding-service@1.0.0
6 silly lifecycle customer-onboarding-service@1.0.0~prebuild: no script for prebuild, continuing
7 info lifecycle customer-onboarding-service@1.0.0~build: customer-onboarding-service@1.0.0
8 verbose lifecycle customer-onboarding-service@1.0.0~build: unsafe-perm in lifecycle true
9 verbose lifecycle customer-onboarding-service@1.0.0~build: PATH: C:\Program Files (x86)\Nodist\npmv\3.10.9\bin\node-gyp-bin;C:\Users\KshitijBahul\Dropbox (Miles)\Cutters\customer-onboarding-service\node_modules\.bin;C:\Program Files (x86)\Nodist\v-x64\8.9.1;C:\Program Files\Git\mingw64\bin;C:\Program Files\Git\usr\bin;C:\Users\KshitijBahul\bin;C:\Program Files\Docker\Docker\Resources\bin;C:\oraclexe\app\oracle\product\11.2.0\server\bin;C:\oraclexe\app\oracle\product\11.2.0\server\bin\bin;C:\ProgramData\Oracle\Java\javapath;C:\WINDOWS\system32;C:\WINDOWS;C:\WINDOWS\System32\Wbem;C:\WINDOWS\System32\WindowsPowerShell\v1.0;C:\Program Files\Google\Google Apps Sync;C:\Program Files\Google\Google Apps Migration;C:\Program Files (x86)\Nodist\bin;G:\Softwares\apache-maven-3.3.9\bin;C:\Program Files\Git\cmd;D:\Microsoft VS Code\bin;C:\Users\KshitijBahul\AppData\Local\Microsoft\WindowsApps;C:\adb;C:\Android;C:\Windows\System32;C:\Program Files (x86)\GNU\GnuPG\pub;D:\Microsoft VS Code\bin;C:\Users\KshitijBahul\AppData\Local\Microsoft\WindowsApps
10 verbose lifecycle customer-onboarding-service@1.0.0~build: CWD: C:\Users\KshitijBahul\Dropbox (Miles)\Cutters\customer-onboarding-service
11 silly lifecycle customer-onboarding-service@1.0.0~build: Args: [ '/d /s /c', 'gulp' ]
12 silly lifecycle customer-onboarding-service@1.0.0~build: Returned: code: 1  signal: null
13 info lifecycle customer-onboarding-service@1.0.0~build: Failed to exec build script
14 verbose stack Error: customer-onboarding-service@1.0.0 build: `gulp`
14 verbose stack Exit status 1
14 verbose stack     at EventEmitter.<anonymous> (C:\Program Files (x86)\Nodist\npmv\3.10.9\lib\utils\lifecycle.js:255:16)
14 verbose stack     at emitTwo (events.js:126:13)
14 verbose stack     at EventEmitter.emit (events.js:214:7)
14 verbose stack     at ChildProcess.<anonymous> (C:\Program Files (x86)\Nodist\npmv\3.10.9\lib\utils\spawn.js:40:14)
14 verbose stack     at emitTwo (events.js:126:13)
14 verbose stack     at ChildProcess.emit (events.js:214:7)
14 verbose stack     at maybeClose (internal/child_process.js:925:16)
14 verbose stack     at Process.ChildProcess._handle.onexit (internal/child_process.js:209:5)
15 verbose pkgid customer-onboarding-service@1.0.0
16 verbose cwd C:\Users\KshitijBahul\Dropbox (Miles)\Cutters\customer-onboarding-service
17 error Windows_NT 10.0.15063
18 error argv "C:\\Program Files (x86)\\Nodist\\v-x64\\8.9.1\\node.exe" "C:\\Program Files (x86)\\Nodist\\npmv\\3.10.9\\bin\\npm-cli.js" "run" "build"
19 error node v8.9.1
20 error npm  v3.10.9
21 error code ELIFECYCLE
22 error customer-onboarding-service@1.0.0 build: `gulp`
22 error Exit status 1
23 error Failed at the customer-onboarding-service@1.0.0 build script 'gulp'.
23 error Make sure you have the latest version of node.js and npm installed.
23 error If you do, this is most likely a problem with the customer-onboarding-service package,
23 error not with npm itself.
23 error Tell the author that this fails on your system:
23 error     gulp
23 error You can get information on how to open an issue for this project with:
23 error     npm bugs customer-onboarding-service
23 error Or if that isn't available, you can get their info via:
23 error     npm owner ls customer-onboarding-service
23 error There is likely additional logging output above.
24 verbose exit [ 1, true ]
